[INFO] Scanning for projects...
[INFO] 
[INFO] ---------------------------< com.PA:BackEnd >---------------------------
[INFO] Building  0.0.1-SNAPSHOT
[INFO]   from pom.xml
[INFO] --------------------------------[ jar ]---------------------------------
[INFO] 
[INFO] >>> spring-boot:4.0.3:run (default-cli) > test-compile @ BackEnd >>>
[INFO] 
[INFO] --- resources:3.3.1:resources (default-resources) @ BackEnd ---
[INFO] Copying 1 resource from src\main\resources to target\classes
[INFO] Copying 0 resource from src\main\resources to target\classes
[INFO] 
[INFO] --- compiler:3.14.1:compile (default-compile) @ BackEnd ---
[INFO] Nothing to compile - all classes are up to date.
[INFO] 
[INFO] --- resources:3.3.1:testResources (default-testResources) @ BackEnd ---
[INFO] skip non existing resourceDirectory C:\Documents\PaloAlto_submission\Backend\BackEnd\src\test\resources
[INFO] 
[INFO] --- compiler:3.14.1:testCompile (default-testCompile) @ BackEnd ---
[INFO] Nothing to compile - all classes are up to date.
[INFO] 
[INFO] <<< spring-boot:4.0.3:run (default-cli) < test-compile @ BackEnd <<<
[INFO] 
[INFO] 
[INFO] --- spring-boot:4.0.3:run (default-cli) @ BackEnd ---
[INFO] Attaching agents: []

  .   ____          _            __ _ _
 /\\ / ___'_ __ _ _(_)_ __  __ _ \ \ \ \
( ( )\___ | '_ | '_| | '_ \/ _` | \ \ \ \
 \\/  ___)| |_)| | | | | || (_| |  ) ) ) )
  '  |____| .__|_| |_|_| |_\__, | / / / /
 =========|_|==============|___/=/_/_/_/

 :: Spring Boot ::                (v4.0.3)

2026-03-19T13:01:39.833+05:30  INFO 17236 --- [BackEnd] [  restartedMain] com.PA.BackEnd.BackEndApplication        : Starting BackEndApplication using Java 20.0.2 with PID 17236 (C:\Documents\PaloAlto_submission\Backend\BackEnd\target\classes started by karth in C:\Documents\PaloAlto_submission\Backend\BackEnd)
2026-03-19T13:01:39.837+05:30  INFO 17236 --- [BackEnd] [  restartedMain] com.PA.BackEnd.BackEndApplication        : No active profile set, falling back to 1 default profile: "default"
2026-03-19T13:01:39.885+05:30  INFO 17236 --- [BackEnd] [  restartedMain] .e.DevToolsPropertyDefaultsPostProcessor : Devtools property defaults active! Set 'spring.devtools.add-properties' to 'false' to disable
2026-03-19T13:01:39.885+05:30  INFO 17236 --- [BackEnd] [  restartedMain] .e.DevToolsPropertyDefaultsPostProcessor : For additional web related logging consider setting the 'logging.level.web' property to 'DEBUG'
2026-03-19T13:01:40.434+05:30  INFO 17236 --- [BackEnd] [  restartedMain] .s.d.r.c.RepositoryConfigurationDelegate : Bootstrapping Spring Data MongoDB repositories in DEFAULT mode.
2026-03-19T13:01:40.497+05:30  INFO 17236 --- [BackEnd] [  restartedMain] .s.d.r.c.RepositoryConfigurationDelegate : Finished Spring Data repository scanning in 56 ms. Found 7 MongoDB repository interfaces.
2026-03-19T13:01:40.974+05:30  INFO 17236 --- [BackEnd] [  restartedMain] o.s.boot.tomcat.TomcatWebServer          : Tomcat initialized with port 8081 (http)
2026-03-19T13:01:40.988+05:30  INFO 17236 --- [BackEnd] [  restartedMain] o.apache.catalina.core.StandardService   : Starting service [Tomcat]
2026-03-19T13:01:40.989+05:30  INFO 17236 --- [BackEnd] [  restartedMain] o.apache.catalina.core.StandardEngine    : Starting Servlet engine: [Apache Tomcat/11.0.18]
2026-03-19T13:01:41.025+05:30  INFO 17236 --- [BackEnd] [  restartedMain] b.w.c.s.WebApplicationContextInitializer : Root WebApplicationContext: initialization completed in 1139 ms
2026-03-19T13:01:41.150+05:30  INFO 17236 --- [BackEnd] [  restartedMain] org.mongodb.driver.client                : MongoClient with metadata {"driver": {"name": "mongo-java-driver|spring-boot|sync", "version": "5.6.3"}, "os": {"type": "Windows", "name": "Windows 11", "architecture": "amd64", "version": "10.0"}, "platform": "Java/Oracle Corporation/20.0.2+9-78"} created with settings MongoClientSettings{readPreference=primary, writeConcern=WriteConcern{w=null, wTimeout=null ms, journal=null}, retryWrites=true, retryReads=true, readConcern=ReadConcern{level=null}, credential=null, transportSettings=null, commandListeners=[], codecRegistry=ProvidersCodecRegistry{codecProviders=[ValueCodecProvider{}, BsonValueCodecProvider{}, DBRefCodecProvider{}, DBObjectCodecProvider{}, DocumentCodecProvider{}, CollectionCodecProvider{}, IterableCodecProvider{}, MapCodecProvider{}, GeoJsonCodecProvider{}, GridFSFileCodecProvider{}, Jsr310CodecProvider{}, JsonObjectCodecProvider{}, BsonCodecProvider{}, com.mongodb.client.model.mql.ExpressionCodecProvider@5490d261, com.mongodb.Jep395RecordCodecProvider@5dfedd9b, com.mongodb.KotlinCodecProvider@860064c, EnumCodecProvider{}]}, loggerSettings=LoggerSettings{maxDocumentLength=1000}, clusterSettings={hosts=[localhost:27017], srvServiceName=mongodb, mode=SINGLE, requiredClusterType=UNKNOWN, requiredReplicaSetName='null', serverSelector='null', clusterListeners='[]', serverSelectionTimeout='30000 ms', localThreshold='15 ms'}, socketSettings=SocketSettings{connectTimeoutMS=10000, readTimeoutMS=0, receiveBufferSize=0, proxySettings=ProxySettings{host=null, port=null, username=null, password=null}}, heartbeatSocketSettings=SocketSettings{connectTimeoutMS=10000, readTimeoutMS=10000, receiveBufferSize=0, proxySettings=ProxySettings{host=null, port=null, username=null, password=null}}, connectionPoolSettings=ConnectionPoolSettings{maxSize=100, minSize=0, maxWaitTimeMS=120000, maxConnectionLifeTimeMS=0, maxConnectionIdleTimeMS=0, maintenanceInitialDelayMS=0, maintenanceFrequencyMS=60000, connectionPoolListeners=[], maxConnecting=2}, serverSettings=ServerSettings{heartbeatFrequencyMS=10000, minHeartbeatFrequencyMS=500, serverMonitoringMode=AUTO, serverListeners='[]', serverMonitorListeners='[]'}, sslSettings=SslSettings{enabled=false, invalidHostNameAllowed=false, context=null}, applicationName='null', compressorList=[], uuidRepresentation=UNSPECIFIED, serverApi=null, autoEncryptionSettings=null, dnsClient=null, inetAddressResolver=null, contextProvider=null, timeoutMS=null}
2026-03-19T13:01:41.179+05:30  INFO 17236 --- [BackEnd] [localhost:27017] org.mongodb.driver.cluster               : Monitor thread successfully connected to server with description ServerDescription{address=localhost:27017, type=STANDALONE, cryptd=false, state=CONNECTED, ok=true, minWireVersion=0, maxWireVersion=21, maxDocumentSize=16777216, logicalSessionTimeoutMinutes=30, roundTripTimeNanos=17117800, minRoundTripTimeNanos=0}
2026-03-19T13:01:41.883+05:30  INFO 17236 --- [BackEnd] [  restartedMain] r$InitializeUserDetailsManagerConfigurer : Global AuthenticationManager configured with UserDetailsService bean with name appUserDetailsService
2026-03-19T13:01:42.247+05:30  INFO 17236 --- [BackEnd] [  restartedMain] o.s.boot.tomcat.TomcatWebServer          : Tomcat started on port 8081 (http) with context path '/'
2026-03-19T13:01:42.253+05:30  INFO 17236 --- [BackEnd] [  restartedMain] com.PA.BackEnd.BackEndApplication        : Started BackEndApplication in 2.789 seconds (process running for 3.18)
2026-03-19T13:01:42.307+05:30  INFO 17236 --- [BackEnd] [nio-8081-exec-1] o.a.c.c.C.[Tomcat].[localhost].[/]       : Initializing Spring DispatcherServlet 'dispatcherServlet'
2026-03-19T13:01:42.308+05:30  INFO 17236 --- [BackEnd] [nio-8081-exec-1] o.s.web.servlet.DispatcherServlet        : Initializing Servlet 'dispatcherServlet'
2026-03-19T13:01:42.310+05:30  INFO 17236 --- [BackEnd] [nio-8081-exec-1] o.s.web.servlet.DispatcherServlet        : Completed initialization in 2 ms
2026-03-19T13:02:29.333+05:30  WARN 17236 --- [BackEnd] [io-8081-exec-10] o.a.pdfbox.pdmodel.font.PDSimpleFont     : No Unicode mapping for phone (131) in font AIAQDP+FontAwesome5Free-Solid
2026-03-19T13:02:29.336+05:30  WARN 17236 --- [BackEnd] [io-8081-exec-10] o.a.pdfbox.pdmodel.font.PDSimpleFont     : No Unicode mapping for envelope (35) in font AIAQDP+FontAwesome5Free-Solid
2026-03-19T13:02:29.348+05:30  WARN 17236 --- [BackEnd] [io-8081-exec-10] o.a.pdfbox.pdmodel.font.PDSimpleFont     : No Unicode mapping for linkedin (239) in font PNYVII+FontAwesome5Brands-Regular
2026-03-19T13:02:29.350+05:30  WARN 17236 --- [BackEnd] [io-8081-exec-10] o.a.pdfbox.pdmodel.font.PDSimpleFont     : No Unicode mapping for github (167) in font PNYVII+FontAwesome5Brands-Regular
2026-03-19T13:08:10.977+05:30  WARN 17236 --- [BackEnd] [nio-8081-exec-5] o.a.pdfbox.pdmodel.font.PDSimpleFont     : No Unicode mapping for phone (131) in font AIAQDP+FontAwesome5Free-Solid
2026-03-19T13:08:10.981+05:30  WARN 17236 --- [BackEnd] [nio-8081-exec-5] o.a.pdfbox.pdmodel.font.PDSimpleFont     : No Unicode mapping for envelope (35) in font AIAQDP+FontAwesome5Free-Solid
2026-03-19T13:08:10.984+05:30  WARN 17236 --- [BackEnd] [nio-8081-exec-5] o.a.pdfbox.pdmodel.font.PDSimpleFont     : No Unicode mapping for linkedin (239) in font PNYVII+FontAwesome5Brands-Regular
2026-03-19T13:08:10.985+05:30  WARN 17236 --- [BackEnd] [nio-8081-exec-5] o.a.pdfbox.pdmodel.font.PDSimpleFont     : No Unicode mapping for github (167) in font PNYVII+FontAwesome5Brands-Regular
2026-03-19T13:14:00.722+05:30  INFO 17236 --- [BackEnd] [   File Watcher] rtingClassPathChangeChangedEventListener : Restarting due to 8 class path changes (0 additions, 7 deletions, 1 modification)
2026-03-19T13:14:00.732+05:30  INFO 17236 --- [BackEnd] [       Thread-1] o.s.boot.tomcat.GracefulShutdown         : Commencing graceful shutdown. Waiting for active requests to complete
2026-03-19T13:14:01.946+05:30  INFO 17236 --- [BackEnd] [tomcat-shutdown] o.s.boot.tomcat.GracefulShutdown         : Graceful shutdown complete

  .   ____          _            __ _ _
 /\\ / ___'_ __ _ _(_)_ __  __ _ \ \ \ \
( ( )\___ | '_ | '_| | '_ \/ _` | \ \ \ \
 \\/  ___)| |_)| | | | | || (_| |  ) ) ) )
  '  |____| .__|_| |_|_| |_\__, | / / / /
 =========|_|==============|___/=/_/_/_/

 :: Spring Boot ::                (v4.0.3)

2026-03-19T13:14:02.077+05:30  INFO 17236 --- [BackEnd] [  restartedMain] com.PA.BackEnd.BackEndApplication        : Starting BackEndApplication using Java 20.0.2 with PID 17236 (C:\Documents\PaloAlto_submission\Backend\BackEnd\target\classes started by karth in C:\Documents\PaloAlto_submission\Backend\BackEnd)
2026-03-19T13:14:02.078+05:30  INFO 17236 --- [BackEnd] [  restartedMain] com.PA.BackEnd.BackEndApplication        : No active profile set, falling back to 1 default profile: "default"
2026-03-19T13:14:02.413+05:30  INFO 17236 --- [BackEnd] [  restartedMain] .s.d.r.c.RepositoryConfigurationDelegate : Bootstrapping Spring Data MongoDB repositories in DEFAULT mode.
2026-03-19T13:14:02.452+05:30  INFO 17236 --- [BackEnd] [  restartedMain] .s.d.r.c.RepositoryConfigurationDelegate : Finished Spring Data repository scanning in 36 ms. Found 6 MongoDB repository interfaces.
2026-03-19T13:14:02.585+05:30  INFO 17236 --- [BackEnd] [  restartedMain] o.s.boot.tomcat.TomcatWebServer          : Tomcat initialized with port 8081 (http)
2026-03-19T13:14:02.588+05:30  INFO 17236 --- [BackEnd] [  restartedMain] o.apache.catalina.core.StandardService   : Starting service [Tomcat]
2026-03-19T13:14:02.588+05:30  INFO 17236 --- [BackEnd] [  restartedMain] o.apache.catalina.core.StandardEngine    : Starting Servlet engine: [Apache Tomcat/11.0.18]
2026-03-19T13:14:02.614+05:30  INFO 17236 --- [BackEnd] [  restartedMain] b.w.c.s.WebApplicationContextInitializer : Root WebApplicationContext: initialization completed in 532 ms
2026-03-19T13:14:02.634+05:30  INFO 17236 --- [BackEnd] [  restartedMain] org.mongodb.driver.client                : MongoClient with metadata {"driver": {"name": "mongo-java-driver|spring-boot|sync", "version": "5.6.3"}, "os": {"type": "Windows", "name": "Windows 11", "architecture": "amd64", "version": "10.0"}, "platform": "Java/Oracle Corporation/20.0.2+9-78"} created with settings MongoClientSettings{readPreference=primary, writeConcern=WriteConcern{w=null, wTimeout=null ms, journal=null}, retryWrites=true, retryReads=true, readConcern=ReadConcern{level=null}, credential=null, transportSettings=null, commandListeners=[], codecRegistry=ProvidersCodecRegistry{codecProviders=[ValueCodecProvider{}, BsonValueCodecProvider{}, DBRefCodecProvider{}, DBObjectCodecProvider{}, DocumentCodecProvider{}, CollectionCodecProvider{}, IterableCodecProvider{}, MapCodecProvider{}, GeoJsonCodecProvider{}, GridFSFileCodecProvider{}, Jsr310CodecProvider{}, JsonObjectCodecProvider{}, BsonCodecProvider{}, com.mongodb.client.model.mql.ExpressionCodecProvider@5490d261, com.mongodb.Jep395RecordCodecProvider@5dfedd9b, com.mongodb.KotlinCodecProvider@860064c, EnumCodecProvider{}]}, loggerSettings=LoggerSettings{maxDocumentLength=1000}, clusterSettings={hosts=[localhost:27017], srvServiceName=mongodb, mode=SINGLE, requiredClusterType=UNKNOWN, requiredReplicaSetName='null', serverSelector='null', clusterListeners='[]', serverSelectionTimeout='30000 ms', localThreshold='15 ms'}, socketSettings=SocketSettings{connectTimeoutMS=10000, readTimeoutMS=0, receiveBufferSize=0, proxySettings=ProxySettings{host=null, port=null, username=null, password=null}}, heartbeatSocketSettings=SocketSettings{connectTimeoutMS=10000, readTimeoutMS=10000, receiveBufferSize=0, proxySettings=ProxySettings{host=null, port=null, username=null, password=null}}, connectionPoolSettings=ConnectionPoolSettings{maxSize=100, minSize=0, maxWaitTimeMS=120000, maxConnectionLifeTimeMS=0, maxConnectionIdleTimeMS=0, maintenanceInitialDelayMS=0, maintenanceFrequencyMS=60000, connectionPoolListeners=[], maxConnecting=2}, serverSettings=ServerSettings{heartbeatFrequencyMS=10000, minHeartbeatFrequencyMS=500, serverMonitoringMode=AUTO, serverListeners='[]', serverMonitorListeners='[]'}, sslSettings=SslSettings{enabled=false, invalidHostNameAllowed=false, context=null}, applicationName='null', compressorList=[], uuidRepresentation=UNSPECIFIED, serverApi=null, autoEncryptionSettings=null, dnsClient=null, inetAddressResolver=null, contextProvider=null, timeoutMS=null}
2026-03-19T13:14:02.638+05:30  INFO 17236 --- [BackEnd] [localhost:27017] org.mongodb.driver.cluster               : Monitor thread successfully connected to server with description ServerDescription{address=localhost:27017, type=STANDALONE, cryptd=false, state=CONNECTED, ok=true, minWireVersion=0, maxWireVersion=21, maxDocumentSize=16777216, logicalSessionTimeoutMinutes=30, roundTripTimeNanos=1711599, minRoundTripTimeNanos=0}
2026-03-19T13:14:02.755+05:30  WARN 17236 --- [BackEnd] [  restartedMain] ConfigServletWebServerApplicationContext : Exception encountered during context initialization - cancelling refresh attempt: org.springframework.beans.factory.BeanCreationException: Error creating bean with name 'historyPersistenceService': Lookup method resolution failed
2026-03-19T13:14:02.756+05:30  INFO 17236 --- [BackEnd] [  restartedMain] o.apache.catalina.core.StandardService   : Stopping service [Tomcat]
2026-03-19T13:14:02.763+05:30  INFO 17236 --- [BackEnd] [  restartedMain] .s.b.a.l.ConditionEvaluationReportLogger : 

Error starting ApplicationContext. To display the condition evaluation report re-run your application with 'debug' enabled.
2026-03-19T13:14:02.786+05:30 ERROR 17236 --- [BackEnd] [  restartedMain] o.s.boot.SpringApplication               : Application run failed

org.springframework.beans.factory.BeanCreationException: Error creating bean with name 'historyPersistenceService': Lookup method resolution failed
	at org.springframework.beans.factory.annotation.AutowiredAnnotationBeanPostProcessor.checkLookupMethods(AutowiredAnnotationBeanPostProcessor.java:482) ~[spring-beans-7.0.5.jar:7.0.5]
	at org.springframework.beans.factory.annotation.AutowiredAnnotationBeanPostProcessor.determineCandidateConstructors(AutowiredAnnotationBeanPostProcessor.java:352) ~[spring-beans-7.0.5.jar:7.0.5]
	at org.springframework.beans.factory.support.AbstractAutowireCapableBeanFactory.determineConstructorsFromBeanPostProcessors(AbstractAutowireCapableBeanFactory.java:1321) ~[spring-beans-7.0.5.jar:7.0.5]
	at org.springframework.beans.factory.support.AbstractAutowireCapableBeanFactory.createBeanInstance(AbstractAutowireCapableBeanFactory.java:1218) ~[spring-beans-7.0.5.jar:7.0.5]
	at org.springframework.beans.factory.support.AbstractAutowireCapableBeanFactory.doCreateBean(AbstractAutowireCapableBeanFactory.java:565) ~[spring-beans-7.0.5.jar:7.0.5]
	at org.springframework.beans.factory.support.AbstractAutowireCapableBeanFactory.createBean(AbstractAutowireCapableBeanFactory.java:525) ~[spring-beans-7.0.5.jar:7.0.5]
	at org.springframework.beans.factory.support.AbstractBeanFactory.lambda$doGetBean$0(AbstractBeanFactory.java:333) ~[spring-beans-7.0.5.jar:7.0.5]
	at org.springframework.beans.factory.support.DefaultSingletonBeanRegistry.getSingleton(DefaultSingletonBeanRegistry.java:371) ~[spring-beans-7.0.5.jar:7.0.5]
	at org.springframework.beans.factory.support.AbstractBeanFactory.doGetBean(AbstractBeanFactory.java:331) ~[spring-beans-7.0.5.jar:7.0.5]
	at org.springframework.beans.factory.support.AbstractBeanFactory.getBean(AbstractBeanFactory.java:196) ~[spring-beans-7.0.5.jar:7.0.5]
	at org.springframework.beans.factory.support.DefaultListableBeanFactory.instantiateSingleton(DefaultListableBeanFactory.java:1218) ~[spring-beans-7.0.5.jar:7.0.5]
	at org.springframework.beans.factory.support.DefaultListableBeanFactory.preInstantiateSingleton(DefaultListableBeanFactory.java:1184) ~[spring-beans-7.0.5.jar:7.0.5]
	at org.springframework.beans.factory.support.DefaultListableBeanFactory.preInstantiateSingletons(DefaultListableBeanFactory.java:1121) ~[spring-beans-7.0.5.jar:7.0.5]
	at org.springframework.context.support.AbstractApplicationContext.finishBeanFactoryInitialization(AbstractApplicationContext.java:994) ~[spring-context-7.0.5.jar:7.0.5]
	at org.springframework.context.support.AbstractApplicationContext.refresh(AbstractApplicationContext.java:621) ~[spring-context-7.0.5.jar:7.0.5]
	at org.springframework.boot.web.server.servlet.context.ServletWebServerApplicationContext.refresh(ServletWebServerApplicationContext.java:143) ~[spring-boot-web-server-4.0.3.jar:4.0.3]
	at org.springframework.boot.SpringApplication.refresh(SpringApplication.java:756) ~[spring-boot-4.0.3.jar:4.0.3]
	at org.springframework.boot.SpringApplication.refreshContext(SpringApplication.java:445) ~[spring-boot-4.0.3.jar:4.0.3]
	at org.springframework.boot.SpringApplication.run(SpringApplication.java:321) ~[spring-boot-4.0.3.jar:4.0.3]
	at org.springframework.boot.SpringApplication.run(SpringApplication.java:1365) ~[spring-boot-4.0.3.jar:4.0.3]
	at org.springframework.boot.SpringApplication.run(SpringApplication.java:1354) ~[spring-boot-4.0.3.jar:4.0.3]
	at com.PA.BackEnd.BackEndApplication.main(BackEndApplication.java:10) ~[classes/:na]
	at java.base/jdk.internal.reflect.DirectMethodHandleAccessor.invoke(DirectMethodHandleAccessor.java:104) ~[na:na]
	at java.base/java.lang.reflect.Method.invoke(Method.java:578) ~[na:na]
	at org.springframework.boot.devtools.restart.RestartLauncher.run(RestartLauncher.java:52) ~[spring-boot-devtools-4.0.3.jar:4.0.3]
Caused by: java.lang.IllegalStateException: Failed to introspect Class [com.PA.BackEnd.service.historyPersistenceService] from ClassLoader [org.springframework.boot.devtools.restart.classloader.RestartClassLoader@74352565]
	at org.springframework.util.ReflectionUtils.getDeclaredMethods(ReflectionUtils.java:483) ~[spring-core-7.0.5.jar:7.0.5]
	at org.springframework.util.ReflectionUtils.doWithLocalMethods(ReflectionUtils.java:320) ~[spring-core-7.0.5.jar:7.0.5]
	at org.springframework.beans.factory.annotation.AutowiredAnnotationBeanPostProcessor.checkLookupMethods(AutowiredAnnotationBeanPostProcessor.java:460) ~[spring-beans-7.0.5.jar:7.0.5]
	... 24 common frames omitted
Caused by: java.lang.NoClassDefFoundError: com/PA/BackEnd/dto/analyzeRequest
	at java.base/java.lang.Class.getDeclaredMethods0(Native Method) ~[na:na]
	at java.base/java.lang.Class.privateGetDeclaredMethods(Class.java:3502) ~[na:na]
	at java.base/java.lang.Class.getDeclaredMethods(Class.java:2601) ~[na:na]
	at org.springframework.util.ReflectionUtils.getDeclaredMethods(ReflectionUtils.java:465) ~[spring-core-7.0.5.jar:7.0.5]
	... 26 common frames omitted
Caused by: java.lang.ClassNotFoundException: com.PA.BackEnd.dto.analyzeRequest
	at java.base/jdk.internal.loader.BuiltinClassLoader.loadClass(BuiltinClassLoader.java:641) ~[na:na]
	at java.base/jdk.internal.loader.ClassLoaders$AppClassLoader.loadClass(ClassLoaders.java:188) ~[na:na]
	at java.base/java.lang.ClassLoader.loadClass(ClassLoader.java:521) ~[na:na]
	at java.base/java.lang.Class.forName0(Native Method) ~[na:na]
	at java.base/java.lang.Class.forName(Class.java:496) ~[na:na]
	at java.base/java.lang.Class.forName(Class.java:475) ~[na:na]
	at org.springframework.boot.devtools.restart.classloader.RestartClassLoader.loadClass(RestartClassLoader.java:123) ~[spring-boot-devtools-4.0.3.jar:4.0.3]
	at java.base/java.lang.ClassLoader.loadClass(ClassLoader.java:521) ~[na:na]
	... 30 common frames omitted


  .   ____          _            __ _ _
 /\\ / ___'_ __ _ _(_)_ __  __ _ \ \ \ \
( ( )\___ | '_ | '_| | '_ \/ _` | \ \ \ \
 \\/  ___)| |_)| | | | | || (_| |  ) ) ) )
  '  |____| .__|_| |_|_| |_\__, | / / / /
 =========|_|==============|___/=/_/_/_/

 :: Spring Boot ::                (v4.0.3)

2026-03-19T13:14:07.219+05:30  INFO 17236 --- [BackEnd] [  restartedMain] com.PA.BackEnd.BackEndApplication        : Starting BackEndApplication using Java 20.0.2 with PID 17236 (C:\Documents\PaloAlto_submission\Backend\BackEnd\target\classes started by karth in C:\Documents\PaloAlto_submission\Backend\BackEnd)
2026-03-19T13:14:07.219+05:30  INFO 17236 --- [BackEnd] [  restartedMain] com.PA.BackEnd.BackEndApplication        : No active profile set, falling back to 1 default profile: "default"
2026-03-19T13:14:07.544+05:30  INFO 17236 --- [BackEnd] [  restartedMain] .s.d.r.c.RepositoryConfigurationDelegate : Bootstrapping Spring Data MongoDB repositories in DEFAULT mode.
2026-03-19T13:14:07.577+05:30  INFO 17236 --- [BackEnd] [  restartedMain] .s.d.r.c.RepositoryConfigurationDelegate : Finished Spring Data repository scanning in 29 ms. Found 7 MongoDB repository interfaces.
2026-03-19T13:14:07.676+05:30  INFO 17236 --- [BackEnd] [  restartedMain] o.s.boot.tomcat.TomcatWebServer          : Tomcat initialized with port 8081 (http)
2026-03-19T13:14:07.680+05:30  INFO 17236 --- [BackEnd] [  restartedMain] o.apache.catalina.core.StandardService   : Starting service [Tomcat]
2026-03-19T13:14:07.681+05:30  INFO 17236 --- [BackEnd] [  restartedMain] o.apache.catalina.core.StandardEngine    : Starting Servlet engine: [Apache Tomcat/11.0.18]
2026-03-19T13:14:07.708+05:30  INFO 17236 --- [BackEnd] [  restartedMain] b.w.c.s.WebApplicationContextInitializer : Root WebApplicationContext: initialization completed in 486 ms
2026-03-19T13:14:07.727+05:30  INFO 17236 --- [BackEnd] [  restartedMain] org.mongodb.driver.client                : MongoClient with metadata {"driver": {"name": "mongo-java-driver|spring-boot|sync", "version": "5.6.3"}, "os": {"type": "Windows", "name": "Windows 11", "architecture": "amd64", "version": "10.0"}, "platform": "Java/Oracle Corporation/20.0.2+9-78"} created with settings MongoClientSettings{readPreference=primary, writeConcern=WriteConcern{w=null, wTimeout=null ms, journal=null}, retryWrites=true, retryReads=true, readConcern=ReadConcern{level=null}, credential=null, transportSettings=null, commandListeners=[], codecRegistry=ProvidersCodecRegistry{codecProviders=[ValueCodecProvider{}, BsonValueCodecProvider{}, DBRefCodecProvider{}, DBObjectCodecProvider{}, DocumentCodecProvider{}, CollectionCodecProvider{}, IterableCodecProvider{}, MapCodecProvider{}, GeoJsonCodecProvider{}, GridFSFileCodecProvider{}, Jsr310CodecProvider{}, JsonObjectCodecProvider{}, BsonCodecProvider{}, com.mongodb.client.model.mql.ExpressionCodecProvider@5490d261, com.mongodb.Jep395RecordCodecProvider@5dfedd9b, com.mongodb.KotlinCodecProvider@860064c, EnumCodecProvider{}]}, loggerSettings=LoggerSettings{maxDocumentLength=1000}, clusterSettings={hosts=[localhost:27017], srvServiceName=mongodb, mode=SINGLE, requiredClusterType=UNKNOWN, requiredReplicaSetName='null', serverSelector='null', clusterListeners='[]', serverSelectionTimeout='30000 ms', localThreshold='15 ms'}, socketSettings=SocketSettings{connectTimeoutMS=10000, readTimeoutMS=0, receiveBufferSize=0, proxySettings=ProxySettings{host=null, port=null, username=null, password=null}}, heartbeatSocketSettings=SocketSettings{connectTimeoutMS=10000, readTimeoutMS=10000, receiveBufferSize=0, proxySettings=ProxySettings{host=null, port=null, username=null, password=null}}, connectionPoolSettings=ConnectionPoolSettings{maxSize=100, minSize=0, maxWaitTimeMS=120000, maxConnectionLifeTimeMS=0, maxConnectionIdleTimeMS=0, maintenanceInitialDelayMS=0, maintenanceFrequencyMS=60000, connectionPoolListeners=[], maxConnecting=2}, serverSettings=ServerSettings{heartbeatFrequencyMS=10000, minHeartbeatFrequencyMS=500, serverMonitoringMode=AUTO, serverListeners='[]', serverMonitorListeners='[]'}, sslSettings=SslSettings{enabled=false, invalidHostNameAllowed=false, context=null}, applicationName='null', compressorList=[], uuidRepresentation=UNSPECIFIED, serverApi=null, autoEncryptionSettings=null, dnsClient=null, inetAddressResolver=null, contextProvider=null, timeoutMS=null}
2026-03-19T13:14:07.730+05:30  INFO 17236 --- [BackEnd] [localhost:27017] org.mongodb.driver.cluster               : Monitor thread successfully connected to server with description ServerDescription{address=localhost:27017, type=STANDALONE, cryptd=false, state=CONNECTED, ok=true, minWireVersion=0, maxWireVersion=21, maxDocumentSize=16777216, logicalSessionTimeoutMinutes=30, roundTripTimeNanos=1280700, minRoundTripTimeNanos=0}
2026-03-19T13:14:07.933+05:30  INFO 17236 --- [BackEnd] [  restartedMain] r$InitializeUserDetailsManagerConfigurer : Global AuthenticationManager configured with UserDetailsService bean with name appUserDetailsService
2026-03-19T13:14:08.146+05:30  INFO 17236 --- [BackEnd] [  restartedMain] o.s.boot.tomcat.TomcatWebServer          : Tomcat started on port 8081 (http) with context path '/'
2026-03-19T13:14:08.150+05:30  INFO 17236 --- [BackEnd] [  restartedMain] com.PA.BackEnd.BackEndApplication        : Started BackEndApplication in 0.964 seconds (process running for 749.078)
2026-03-19T13:14:08.160+05:30  INFO 17236 --- [BackEnd] [  restartedMain] .ConditionEvaluationDeltaLoggingListener : Condition evaluation unchanged
2026-03-19T19:08:34.647+05:30  INFO 17236 --- [BackEnd] [nio-8081-exec-1] o.a.c.c.C.[Tomcat-1].[localhost].[/]     : Initializing Spring DispatcherServlet 'dispatcherServlet'
2026-03-19T19:08:34.651+05:30  INFO 17236 --- [BackEnd] [nio-8081-exec-1] o.s.web.servlet.DispatcherServlet        : Initializing Servlet 'dispatcherServlet'
2026-03-19T19:08:34.669+05:30  INFO 17236 --- [BackEnd] [nio-8081-exec-1] o.s.web.servlet.DispatcherServlet        : Completed initialization in 18 ms
[INFO] ------------------------------------------------------------------------
[INFO] BUILD FAILURE
[INFO] ------------------------------------------------------------------------
[INFO] Total time:  06:07 h
[INFO] Finished at: 2026-03-19T19:08:45+05:30
[INFO] ------------------------------------------------------------------------
[ERROR] Failed to execute goal org.springframework.boot:spring-boot-maven-plugin:4.0.3:run (default-cli) on project BackEnd: Process terminated with exit code: -1 -> [Help 1]
[ERROR] 
[ERROR] To see the full stack trace of the errors, re-run Maven with the -e switch.
[ERROR] Re-run Maven using the -X switch to enable full debug logging.
[ERROR] 
[ERROR] For more information about the errors and possible solutions, please read the following articles:
[ERROR] [Help 1] http://cwiki.apache.org/confluence/display/MAVEN/MojoExecutionException
