[INFO] Scanning for projects...
[INFO] 
[INFO] ---------------------------< com.PA:BackEnd >---------------------------
[INFO] Building  0.0.1-SNAPSHOT
[INFO]   from pom.xml
[INFO] --------------------------------[ jar ]---------------------------------
[INFO] 
[INFO] >>> spring-boot:4.0.3:run (default-cli) > test-compile @ BackEnd >>>
[INFO] 
[INFO] --- resources:3.3.1:resources (default-resources) @ BackEnd ---
[INFO] Copying 1 resource from src\main\resources to target\classes
[INFO] Copying 0 resource from src\main\resources to target\classes
[INFO] 
[INFO] --- compiler:3.14.1:compile (default-compile) @ BackEnd ---
[INFO] Nothing to compile - all classes are up to date.
[INFO] 
[INFO] --- resources:3.3.1:testResources (default-testResources) @ BackEnd ---
[INFO] skip non existing resourceDirectory C:\Documents\PaloAlto_submission\Backend\BackEnd\src\test\resources
[INFO] 
[INFO] --- compiler:3.14.1:testCompile (default-testCompile) @ BackEnd ---
[INFO] Nothing to compile - all classes are up to date.
[INFO] 
[INFO] <<< spring-boot:4.0.3:run (default-cli) < test-compile @ BackEnd <<<
[INFO] 
[INFO] 
[INFO] --- spring-boot:4.0.3:run (default-cli) @ BackEnd ---
[INFO] Attaching agents: []

  .   ____          _            __ _ _
 /\\ / ___'_ __ _ _(_)_ __  __ _ \ \ \ \
( ( )\___ | '_ | '_| | '_ \/ _` | \ \ \ \
 \\/  ___)| |_)| | | | | || (_| |  ) ) ) )
  '  |____| .__|_| |_|_| |_\__, | / / / /
 =========|_|==============|___/=/_/_/_/

 :: Spring Boot ::                (v4.0.3)

2026-03-18T20:21:25.911+05:30  INFO 23540 --- [BackEnd] [  restartedMain] com.PA.BackEnd.BackEndApplication        : Starting BackEndApplication using Java 20.0.2 with PID 23540 (C:\Documents\PaloAlto_submission\Backend\BackEnd\target\classes started by karth in C:\Documents\PaloAlto_submission\Backend\BackEnd)
2026-03-18T20:21:25.915+05:30  INFO 23540 --- [BackEnd] [  restartedMain] com.PA.BackEnd.BackEndApplication        : No active profile set, falling back to 1 default profile: "default"
2026-03-18T20:21:25.977+05:30  INFO 23540 --- [BackEnd] [  restartedMain] .e.DevToolsPropertyDefaultsPostProcessor : Devtools property defaults active! Set 'spring.devtools.add-properties' to 'false' to disable
2026-03-18T20:21:25.978+05:30  INFO 23540 --- [BackEnd] [  restartedMain] .e.DevToolsPropertyDefaultsPostProcessor : For additional web related logging consider setting the 'logging.level.web' property to 'DEBUG'
